{"/mnt/d/Projects/react-pretty-forms/index.js": {"path":"/mnt/d/Projects/react-pretty-forms/index.js","statementMap":{"0":{"start":{"line":1,"column":13},"end":{"line":1,"column":41}},"1":{"start":{"line":2,"column":18},"end":{"line":2,"column":47}},"2":{"start":{"line":3,"column":19},"end":{"line":3,"column":49}},"3":{"start":{"line":4,"column":21},"end":{"line":4,"column":53}},"4":{"start":{"line":5,"column":17},"end":{"line":5,"column":45}},"5":{"start":{"line":6,"column":19},"end":{"line":6,"column":49}},"6":{"start":{"line":7,"column":19},"end":{"line":7,"column":49}},"7":{"start":{"line":8,"column":26},"end":{"line":8,"column":67}},"8":{"start":{"line":9,"column":19},"end":{"line":9,"column":53}},"9":{"start":{"line":10,"column":17},"end":{"line":10,"column":49}},"10":{"start":{"line":11,"column":21},"end":{"line":11,"column":57}},"11":{"start":{"line":12,"column":17},"end":{"line":12,"column":49}},"12":{"start":{"line":14,"column":0},"end":{"line":27,"column":2}}},"fnMap":{},"branchMap":{},"s":{"0":5,"1":5,"2":5,"3":5,"4":5,"5":5,"6":5,"7":5,"8":5,"9":5,"10":5,"11":5,"12":5},"f":{},"b":{},"_coverageSchema":"43e27e138ebf9cfc5966b082cf9a028302ed4184","hash":"d3031427adca0aa66c973ab31caecca2c3fe0adb"}
,"/mnt/d/Projects/react-pretty-forms/components/Button.jsx": {"path":"/mnt/d/Projects/react-pretty-forms/components/Button.jsx","statementMap":{"0":{"start":{"line":2,"column":14},"end":{"line":2,"column":30}},"1":{"start":{"line":3,"column":18},"end":{"line":3,"column":39}},"2":{"start":{"line":14,"column":6},"end":{"line":14,"column":11}},"3":{"start":{"line":16,"column":2},"end":{"line":25,"column":4}},"4":{"start":{"line":28,"column":0},"end":{"line":35,"column":2}},"5":{"start":{"line":37,"column":0},"end":{"line":42,"column":2}},"6":{"start":{"line":44,"column":0},"end":{"line":44,"column":30}},"7":{"start":{"line":46,"column":0},"end":{"line":46,"column":24}}},"fnMap":{"0":{"name":"Button","decl":{"start":{"line":5,"column":9},"end":{"line":5,"column":15}},"loc":{"start":{"line":5,"column":23},"end":{"line":26,"column":1}},"line":5}},"branchMap":{"0":{"loc":{"start":{"line":12,"column":4},"end":{"line":12,"column":54}},"type":"default-arg","locations":[{"start":{"line":12,"column":16},"end":{"line":12,"column":54}}],"line":12},"1":{"loc":{"start":{"line":12,"column":16},"end":{"line":12,"column":54}},"type":"binary-expr","locations":[{"start":{"line":12,"column":16},"end":{"line":12,"column":35}},{"start":{"line":12,"column":39},"end":{"line":12,"column":54}}],"line":12}},"s":{"0":5,"1":5,"2":5,"3":5,"4":5,"5":5,"6":5,"7":5},"f":{"0":5},"b":{"0":[3],"1":[3,3]},"_coverageSchema":"43e27e138ebf9cfc5966b082cf9a028302ed4184","hash":"0cc0900fd4d9018a6647f8c52cf8b1461d1b5406"}
,"/mnt/d/Projects/react-pretty-forms/components/Checkbox.jsx": {"path":"/mnt/d/Projects/react-pretty-forms/components/Checkbox.jsx","statementMap":{"0":{"start":{"line":1,"column":14},"end":{"line":1,"column":30}},"1":{"start":{"line":2,"column":18},"end":{"line":2,"column":39}},"2":{"start":{"line":3,"column":14},"end":{"line":3,"column":32}},"3":{"start":{"line":4,"column":14},"end":{"line":4,"column":32}},"4":{"start":{"line":8,"column":22},"end":{"line":8,"column":51}},"5":{"start":{"line":9,"column":4},"end":{"line":9,"column":54}},"6":{"start":{"line":9,"column":19},"end":{"line":9,"column":54}},"7":{"start":{"line":10,"column":4},"end":{"line":10,"column":17}},"8":{"start":{"line":14,"column":25},"end":{"line":14,"column":35}},"9":{"start":{"line":15,"column":4},"end":{"line":15,"column":40}},"10":{"start":{"line":15,"column":18},"end":{"line":15,"column":40}},"11":{"start":{"line":16,"column":4},"end":{"line":16,"column":16}},"12":{"start":{"line":20,"column":25},"end":{"line":20,"column":35}},"13":{"start":{"line":21,"column":4},"end":{"line":21,"column":60}},"14":{"start":{"line":37,"column":8},"end":{"line":37,"column":18}},"15":{"start":{"line":39,"column":43},"end":{"line":39,"column":53}},"16":{"start":{"line":41,"column":4},"end":{"line":70,"column":6}},"17":{"start":{"line":74,"column":0},"end":{"line":85,"column":2}},"18":{"start":{"line":87,"column":0},"end":{"line":90,"column":2}},"19":{"start":{"line":92,"column":0},"end":{"line":92,"column":34}},"20":{"start":{"line":94,"column":0},"end":{"line":94,"column":26}}},"fnMap":{"0":{"name":"(anonymous_0)","decl":{"start":{"line":7,"column":2},"end":{"line":7,"column":3}},"loc":{"start":{"line":7,"column":13},"end":{"line":11,"column":3}},"line":7},"1":{"name":"(anonymous_1)","decl":{"start":{"line":13,"column":2},"end":{"line":13,"column":3}},"loc":{"start":{"line":13,"column":26},"end":{"line":17,"column":3}},"line":13},"2":{"name":"(anonymous_2)","decl":{"start":{"line":19,"column":2},"end":{"line":19,"column":3}},"loc":{"start":{"line":19,"column":25},"end":{"line":22,"column":3}},"line":19},"3":{"name":"(anonymous_3)","decl":{"start":{"line":24,"column":2},"end":{"line":24,"column":3}},"loc":{"start":{"line":24,"column":11},"end":{"line":71,"column":3}},"line":24}},"branchMap":{"0":{"loc":{"start":{"line":9,"column":4},"end":{"line":9,"column":54}},"type":"if","locations":[{"start":{"line":9,"column":4},"end":{"line":9,"column":54}},{"start":{"line":9,"column":4},"end":{"line":9,"column":54}}],"line":9},"1":{"loc":{"start":{"line":15,"column":4},"end":{"line":15,"column":40}},"type":"if","locations":[{"start":{"line":15,"column":4},"end":{"line":15,"column":40}},{"start":{"line":15,"column":4},"end":{"line":15,"column":40}}],"line":15},"2":{"loc":{"start":{"line":27,"column":6},"end":{"line":27,"column":17}},"type":"default-arg","locations":[{"start":{"line":27,"column":15},"end":{"line":27,"column":17}}],"line":27},"3":{"loc":{"start":{"line":28,"column":6},"end":{"line":28,"column":60}},"type":"default-arg","locations":[{"start":{"line":28,"column":18},"end":{"line":28,"column":60}}],"line":28},"4":{"loc":{"start":{"line":28,"column":18},"end":{"line":28,"column":60}},"type":"binary-expr","locations":[{"start":{"line":28,"column":18},"end":{"line":28,"column":39}},{"start":{"line":28,"column":43},"end":{"line":28,"column":60}}],"line":28},"5":{"loc":{"start":{"line":29,"column":6},"end":{"line":29,"column":53}},"type":"default-arg","locations":[{"start":{"line":29,"column":21},"end":{"line":29,"column":53}}],"line":29},"6":{"loc":{"start":{"line":29,"column":21},"end":{"line":29,"column":53}},"type":"binary-expr","locations":[{"start":{"line":29,"column":21},"end":{"line":29,"column":37}},{"start":{"line":29,"column":41},"end":{"line":29,"column":53}}],"line":29},"7":{"loc":{"start":{"line":30,"column":6},"end":{"line":30,"column":76}},"type":"default-arg","locations":[{"start":{"line":30,"column":23},"end":{"line":30,"column":76}}],"line":30},"8":{"loc":{"start":{"line":30,"column":23},"end":{"line":30,"column":76}},"type":"binary-expr","locations":[{"start":{"line":30,"column":23},"end":{"line":30,"column":49}},{"start":{"line":30,"column":53},"end":{"line":30,"column":76}}],"line":30},"9":{"loc":{"start":{"line":31,"column":6},"end":{"line":31,"column":89}},"type":"default-arg","locations":[{"start":{"line":31,"column":27},"end":{"line":31,"column":89}}],"line":31},"10":{"loc":{"start":{"line":31,"column":27},"end":{"line":31,"column":89}},"type":"binary-expr","locations":[{"start":{"line":31,"column":27},"end":{"line":31,"column":57}},{"start":{"line":31,"column":61},"end":{"line":31,"column":89}}],"line":31},"11":{"loc":{"start":{"line":32,"column":6},"end":{"line":32,"column":74}},"type":"default-arg","locations":[{"start":{"line":32,"column":28},"end":{"line":32,"column":74}}],"line":32},"12":{"loc":{"start":{"line":32,"column":28},"end":{"line":32,"column":74}},"type":"binary-expr","locations":[{"start":{"line":32,"column":28},"end":{"line":32,"column":51}},{"start":{"line":32,"column":55},"end":{"line":32,"column":74}}],"line":32},"13":{"loc":{"start":{"line":33,"column":6},"end":{"line":33,"column":19}},"type":"default-arg","locations":[{"start":{"line":33,"column":14},"end":{"line":33,"column":19}}],"line":33}},"s":{"0":5,"1":5,"2":5,"3":5,"4":0,"5":0,"6":0,"7":0,"8":0,"9":0,"10":0,"11":0,"12":4,"13":4,"14":8,"15":8,"16":8,"17":5,"18":5,"19":5,"20":5},"f":{"0":0,"1":0,"2":4,"3":8},"b":{"0":[0,0],"1":[0,0],"2":[8],"3":[4],"4":[4,4],"5":[8],"6":[8,8],"7":[8],"8":[8,8],"9":[8],"10":[8,8],"11":[8],"12":[8,8],"13":[8]},"_coverageSchema":"43e27e138ebf9cfc5966b082cf9a028302ed4184","hash":"f5076a6e11e102328bebc521c64552b178261c89"}
,"/mnt/d/Projects/react-pretty-forms/components/Field.jsx": {"path":"/mnt/d/Projects/react-pretty-forms/components/Field.jsx","statementMap":{"0":{"start":{"line":5,"column":14},"end":{"line":5,"column":30}},"1":{"start":{"line":6,"column":18},"end":{"line":6,"column":39}},"2":{"start":{"line":7,"column":14},"end":{"line":7,"column":32}},"3":{"start":{"line":8,"column":19},"end":{"line":8,"column":46}},"4":{"start":{"line":10,"column":59},"end":{"line":10,"column":90}},"5":{"start":{"line":14,"column":4},"end":{"line":14,"column":17}},"6":{"start":{"line":15,"column":4},"end":{"line":15,"column":61}},"7":{"start":{"line":16,"column":4},"end":{"line":16,"column":67}},"8":{"start":{"line":17,"column":4},"end":{"line":17,"column":45}},"9":{"start":{"line":18,"column":4},"end":{"line":18,"column":45}},"10":{"start":{"line":19,"column":4},"end":{"line":19,"column":53}},"11":{"start":{"line":20,"column":4},"end":{"line":20,"column":51}},"12":{"start":{"line":21,"column":4},"end":{"line":21,"column":51}},"13":{"start":{"line":22,"column":4},"end":{"line":22,"column":53}},"14":{"start":{"line":23,"column":4},"end":{"line":23,"column":38}},"15":{"start":{"line":24,"column":4},"end":{"line":26,"column":5}},"16":{"start":{"line":25,"column":6},"end":{"line":25,"column":83}},"17":{"start":{"line":27,"column":4},"end":{"line":31,"column":6}},"18":{"start":{"line":35,"column":29},"end":{"line":35,"column":39}},"19":{"start":{"line":36,"column":4},"end":{"line":36,"column":54}},"20":{"start":{"line":40,"column":4},"end":{"line":40,"column":39}},"21":{"start":{"line":44,"column":50},"end":{"line":44,"column":60}},"22":{"start":{"line":45,"column":4},"end":{"line":45,"column":52}},"23":{"start":{"line":45,"column":27},"end":{"line":45,"column":52}},"24":{"start":{"line":46,"column":4},"end":{"line":46,"column":47}},"25":{"start":{"line":46,"column":37},"end":{"line":46,"column":47}},"26":{"start":{"line":48,"column":4},"end":{"line":48,"column":56}},"27":{"start":{"line":52,"column":31},"end":{"line":52,"column":41}},"28":{"start":{"line":53,"column":4},"end":{"line":53,"column":51}},"29":{"start":{"line":57,"column":18},"end":{"line":57,"column":33}},"30":{"start":{"line":58,"column":36},"end":{"line":58,"column":46}},"31":{"start":{"line":59,"column":4},"end":{"line":61,"column":5}},"32":{"start":{"line":60,"column":6},"end":{"line":60,"column":40}},"33":{"start":{"line":62,"column":4},"end":{"line":62,"column":40}},"34":{"start":{"line":66,"column":20},"end":{"line":66,"column":46}},"35":{"start":{"line":67,"column":4},"end":{"line":67,"column":31}},"36":{"start":{"line":68,"column":4},"end":{"line":68,"column":19}},"37":{"start":{"line":72,"column":4},"end":{"line":72,"column":52}},"38":{"start":{"line":76,"column":4},"end":{"line":76,"column":52}},"39":{"start":{"line":80,"column":20},"end":{"line":80,"column":44}},"40":{"start":{"line":81,"column":20},"end":{"line":81,"column":46}},"41":{"start":{"line":82,"column":4},"end":{"line":82,"column":40}},"42":{"start":{"line":87,"column":27},"end":{"line":87,"column":37}},"43":{"start":{"line":88,"column":4},"end":{"line":88,"column":45}},"44":{"start":{"line":88,"column":38},"end":{"line":88,"column":45}},"45":{"start":{"line":90,"column":4},"end":{"line":90,"column":23}},"46":{"start":{"line":108,"column":8},"end":{"line":108,"column":18}},"47":{"start":{"line":109,"column":52},"end":{"line":109,"column":62}},"48":{"start":{"line":111,"column":4},"end":{"line":144,"column":6}},"49":{"start":{"line":148,"column":0},"end":{"line":170,"column":2}},"50":{"start":{"line":172,"column":0},"end":{"line":176,"column":2}},"51":{"start":{"line":178,"column":0},"end":{"line":178,"column":32}},"52":{"start":{"line":180,"column":0},"end":{"line":180,"column":27}}},"fnMap":{"0":{"name":"(anonymous_0)","decl":{"start":{"line":13,"column":2},"end":{"line":13,"column":3}},"loc":{"start":{"line":13,"column":21},"end":{"line":32,"column":3}},"line":13},"1":{"name":"(anonymous_1)","decl":{"start":{"line":34,"column":2},"end":{"line":34,"column":3}},"loc":{"start":{"line":34,"column":22},"end":{"line":37,"column":3}},"line":34},"2":{"name":"(anonymous_2)","decl":{"start":{"line":39,"column":2},"end":{"line":39,"column":3}},"loc":{"start":{"line":39,"column":13},"end":{"line":41,"column":3}},"line":39},"3":{"name":"(anonymous_3)","decl":{"start":{"line":43,"column":2},"end":{"line":43,"column":3}},"loc":{"start":{"line":43,"column":25},"end":{"line":49,"column":3}},"line":43},"4":{"name":"(anonymous_4)","decl":{"start":{"line":51,"column":2},"end":{"line":51,"column":3}},"loc":{"start":{"line":51,"column":26},"end":{"line":54,"column":3}},"line":51},"5":{"name":"(anonymous_5)","decl":{"start":{"line":56,"column":2},"end":{"line":56,"column":3}},"loc":{"start":{"line":56,"column":24},"end":{"line":63,"column":3}},"line":56},"6":{"name":"(anonymous_6)","decl":{"start":{"line":65,"column":2},"end":{"line":65,"column":3}},"loc":{"start":{"line":65,"column":13},"end":{"line":69,"column":3}},"line":65},"7":{"name":"(anonymous_7)","decl":{"start":{"line":71,"column":2},"end":{"line":71,"column":3}},"loc":{"start":{"line":71,"column":17},"end":{"line":73,"column":3}},"line":71},"8":{"name":"(anonymous_8)","decl":{"start":{"line":75,"column":2},"end":{"line":75,"column":3}},"loc":{"start":{"line":75,"column":17},"end":{"line":77,"column":3}},"line":75},"9":{"name":"(anonymous_9)","decl":{"start":{"line":79,"column":2},"end":{"line":79,"column":3}},"loc":{"start":{"line":79,"column":16},"end":{"line":83,"column":3}},"line":79},"10":{"name":"(anonymous_10)","decl":{"start":{"line":85,"column":2},"end":{"line":85,"column":3}},"loc":{"start":{"line":85,"column":16},"end":{"line":91,"column":3}},"line":85},"11":{"name":"(anonymous_11)","decl":{"start":{"line":93,"column":2},"end":{"line":93,"column":3}},"loc":{"start":{"line":93,"column":11},"end":{"line":145,"column":3}},"line":93}},"branchMap":{"0":{"loc":{"start":{"line":24,"column":4},"end":{"line":26,"column":5}},"type":"if","locations":[{"start":{"line":24,"column":4},"end":{"line":26,"column":5}},{"start":{"line":24,"column":4},"end":{"line":26,"column":5}}],"line":24},"1":{"loc":{"start":{"line":45,"column":4},"end":{"line":45,"column":52}},"type":"if","locations":[{"start":{"line":45,"column":4},"end":{"line":45,"column":52}},{"start":{"line":45,"column":4},"end":{"line":45,"column":52}}],"line":45},"2":{"loc":{"start":{"line":46,"column":4},"end":{"line":46,"column":47}},"type":"if","locations":[{"start":{"line":46,"column":4},"end":{"line":46,"column":47}},{"start":{"line":46,"column":4},"end":{"line":46,"column":47}}],"line":46},"3":{"loc":{"start":{"line":59,"column":4},"end":{"line":61,"column":5}},"type":"if","locations":[{"start":{"line":59,"column":4},"end":{"line":61,"column":5}},{"start":{"line":59,"column":4},"end":{"line":61,"column":5}}],"line":59},"4":{"loc":{"start":{"line":88,"column":4},"end":{"line":88,"column":45}},"type":"if","locations":[{"start":{"line":88,"column":4},"end":{"line":88,"column":45}},{"start":{"line":88,"column":4},"end":{"line":88,"column":45}}],"line":88},"5":{"loc":{"start":{"line":88,"column":8},"end":{"line":88,"column":36}},"type":"binary-expr","locations":[{"start":{"line":88,"column":8},"end":{"line":88,"column":19}},{"start":{"line":88,"column":23},"end":{"line":88,"column":36}}],"line":88},"6":{"loc":{"start":{"line":97,"column":6},"end":{"line":97,"column":22}},"type":"default-arg","locations":[{"start":{"line":97,"column":17},"end":{"line":97,"column":22}}],"line":97},"7":{"loc":{"start":{"line":99,"column":6},"end":{"line":99,"column":17}},"type":"default-arg","locations":[{"start":{"line":99,"column":15},"end":{"line":99,"column":17}}],"line":99},"8":{"loc":{"start":{"line":100,"column":6},"end":{"line":100,"column":54}},"type":"default-arg","locations":[{"start":{"line":100,"column":18},"end":{"line":100,"column":54}}],"line":100},"9":{"loc":{"start":{"line":100,"column":18},"end":{"line":100,"column":54}},"type":"binary-expr","locations":[{"start":{"line":100,"column":18},"end":{"line":100,"column":36}},{"start":{"line":100,"column":40},"end":{"line":100,"column":54}}],"line":100},"10":{"loc":{"start":{"line":101,"column":6},"end":{"line":101,"column":53}},"type":"default-arg","locations":[{"start":{"line":101,"column":21},"end":{"line":101,"column":53}}],"line":101},"11":{"loc":{"start":{"line":101,"column":21},"end":{"line":101,"column":53}},"type":"binary-expr","locations":[{"start":{"line":101,"column":21},"end":{"line":101,"column":37}},{"start":{"line":101,"column":41},"end":{"line":101,"column":53}}],"line":101},"12":{"loc":{"start":{"line":102,"column":6},"end":{"line":102,"column":74}},"type":"default-arg","locations":[{"start":{"line":102,"column":28},"end":{"line":102,"column":74}}],"line":102},"13":{"loc":{"start":{"line":102,"column":28},"end":{"line":102,"column":74}},"type":"binary-expr","locations":[{"start":{"line":102,"column":28},"end":{"line":102,"column":51}},{"start":{"line":102,"column":55},"end":{"line":102,"column":74}}],"line":102},"14":{"loc":{"start":{"line":103,"column":6},"end":{"line":103,"column":72}},"type":"default-arg","locations":[{"start":{"line":103,"column":27},"end":{"line":103,"column":72}}],"line":103},"15":{"loc":{"start":{"line":103,"column":27},"end":{"line":103,"column":72}},"type":"binary-expr","locations":[{"start":{"line":103,"column":27},"end":{"line":103,"column":49}},{"start":{"line":103,"column":53},"end":{"line":103,"column":72}}],"line":103},"16":{"loc":{"start":{"line":104,"column":6},"end":{"line":104,"column":59}},"type":"default-arg","locations":[{"start":{"line":104,"column":23},"end":{"line":104,"column":59}}],"line":104},"17":{"loc":{"start":{"line":104,"column":23},"end":{"line":104,"column":59}},"type":"binary-expr","locations":[{"start":{"line":104,"column":23},"end":{"line":104,"column":41}},{"start":{"line":104,"column":45},"end":{"line":104,"column":59}}],"line":104},"18":{"loc":{"start":{"line":105,"column":6},"end":{"line":105,"column":19}},"type":"default-arg","locations":[{"start":{"line":105,"column":14},"end":{"line":105,"column":19}}],"line":105},"19":{"loc":{"start":{"line":114,"column":15},"end":{"line":114,"column":46}},"type":"cond-expr","locations":[{"start":{"line":114,"column":35},"end":{"line":114,"column":41}},{"start":{"line":114,"column":44},"end":{"line":114,"column":46}}],"line":114}},"s":{"0":5,"1":5,"2":5,"3":5,"4":5,"5":25,"6":25,"7":25,"8":25,"9":25,"10":25,"11":25,"12":25,"13":25,"14":25,"15":25,"16":25,"17":25,"18":17,"19":17,"20":8,"21":25,"22":25,"23":0,"24":25,"25":12,"26":13,"27":0,"28":0,"29":0,"30":0,"31":0,"32":0,"33":0,"34":0,"35":0,"36":0,"37":0,"38":0,"39":0,"40":0,"41":0,"42":0,"43":0,"44":0,"45":0,"46":11,"47":11,"48":11,"49":5,"50":5,"51":5,"52":5},"f":{"0":25,"1":17,"2":8,"3":25,"4":0,"5":0,"6":0,"7":0,"8":0,"9":0,"10":0,"11":11},"b":{"0":[25,0],"1":[0,25],"2":[12,13],"3":[0,0],"4":[0,0],"5":[0,0],"6":[0],"7":[11],"8":[8],"9":[8,8],"10":[11],"11":[11,11],"12":[11],"13":[11,11],"14":[11],"15":[11,11],"16":[11],"17":[11,11],"18":[0],"19":[0,11]},"_coverageSchema":"43e27e138ebf9cfc5966b082cf9a028302ed4184","hash":"e86ea4b63752733a1f7b4c6f1115651fc8858fa2"}
,"/mnt/d/Projects/react-pretty-forms/components/File.jsx": {"path":"/mnt/d/Projects/react-pretty-forms/components/File.jsx","statementMap":{"0":{"start":{"line":1,"column":14},"end":{"line":1,"column":30}},"1":{"start":{"line":2,"column":18},"end":{"line":2,"column":39}},"2":{"start":{"line":3,"column":14},"end":{"line":3,"column":32}},"3":{"start":{"line":4,"column":14},"end":{"line":4,"column":32}},"4":{"start":{"line":8,"column":4},"end":{"line":8,"column":39}},"5":{"start":{"line":25,"column":8},"end":{"line":25,"column":18}},"6":{"start":{"line":26,"column":52},"end":{"line":26,"column":62}},"7":{"start":{"line":28,"column":4},"end":{"line":60,"column":6}},"8":{"start":{"line":64,"column":0},"end":{"line":73,"column":2}},"9":{"start":{"line":75,"column":0},"end":{"line":77,"column":2}},"10":{"start":{"line":79,"column":0},"end":{"line":79,"column":26}},"11":{"start":{"line":81,"column":0},"end":{"line":81,"column":22}}},"fnMap":{"0":{"name":"(anonymous_0)","decl":{"start":{"line":7,"column":2},"end":{"line":7,"column":3}},"loc":{"start":{"line":7,"column":13},"end":{"line":9,"column":3}},"line":7},"1":{"name":"(anonymous_1)","decl":{"start":{"line":11,"column":2},"end":{"line":11,"column":3}},"loc":{"start":{"line":11,"column":11},"end":{"line":61,"column":3}},"line":11}},"branchMap":{"0":{"loc":{"start":{"line":16,"column":6},"end":{"line":16,"column":22}},"type":"default-arg","locations":[{"start":{"line":16,"column":17},"end":{"line":16,"column":22}}],"line":16},"1":{"loc":{"start":{"line":17,"column":6},"end":{"line":17,"column":22}},"type":"default-arg","locations":[{"start":{"line":17,"column":17},"end":{"line":17,"column":22}}],"line":17},"2":{"loc":{"start":{"line":18,"column":6},"end":{"line":18,"column":17}},"type":"default-arg","locations":[{"start":{"line":18,"column":15},"end":{"line":18,"column":17}}],"line":18},"3":{"loc":{"start":{"line":19,"column":6},"end":{"line":19,"column":52}},"type":"default-arg","locations":[{"start":{"line":19,"column":18},"end":{"line":19,"column":52}}],"line":19},"4":{"loc":{"start":{"line":19,"column":18},"end":{"line":19,"column":52}},"type":"binary-expr","locations":[{"start":{"line":19,"column":18},"end":{"line":19,"column":35}},{"start":{"line":19,"column":39},"end":{"line":19,"column":52}}],"line":19},"5":{"loc":{"start":{"line":20,"column":6},"end":{"line":20,"column":53}},"type":"default-arg","locations":[{"start":{"line":20,"column":21},"end":{"line":20,"column":53}}],"line":20},"6":{"loc":{"start":{"line":20,"column":21},"end":{"line":20,"column":53}},"type":"binary-expr","locations":[{"start":{"line":20,"column":21},"end":{"line":20,"column":37}},{"start":{"line":20,"column":41},"end":{"line":20,"column":53}}],"line":20},"7":{"loc":{"start":{"line":21,"column":6},"end":{"line":21,"column":74}},"type":"default-arg","locations":[{"start":{"line":21,"column":28},"end":{"line":21,"column":74}}],"line":21},"8":{"loc":{"start":{"line":21,"column":28},"end":{"line":21,"column":74}},"type":"binary-expr","locations":[{"start":{"line":21,"column":28},"end":{"line":21,"column":51}},{"start":{"line":21,"column":55},"end":{"line":21,"column":74}}],"line":21},"9":{"loc":{"start":{"line":22,"column":6},"end":{"line":22,"column":72}},"type":"default-arg","locations":[{"start":{"line":22,"column":27},"end":{"line":22,"column":72}}],"line":22},"10":{"loc":{"start":{"line":22,"column":27},"end":{"line":22,"column":72}},"type":"binary-expr","locations":[{"start":{"line":22,"column":27},"end":{"line":22,"column":49}},{"start":{"line":22,"column":53},"end":{"line":22,"column":72}}],"line":22},"11":{"loc":{"start":{"line":23,"column":6},"end":{"line":23,"column":59}},"type":"default-arg","locations":[{"start":{"line":23,"column":23},"end":{"line":23,"column":59}}],"line":23},"12":{"loc":{"start":{"line":23,"column":23},"end":{"line":23,"column":59}},"type":"binary-expr","locations":[{"start":{"line":23,"column":23},"end":{"line":23,"column":41}},{"start":{"line":23,"column":45},"end":{"line":23,"column":59}}],"line":23},"13":{"loc":{"start":{"line":24,"column":6},"end":{"line":24,"column":19}},"type":"default-arg","locations":[{"start":{"line":24,"column":14},"end":{"line":24,"column":19}}],"line":24}},"s":{"0":5,"1":5,"2":5,"3":5,"4":0,"5":0,"6":0,"7":0,"8":5,"9":5,"10":5,"11":5},"f":{"0":0,"1":0},"b":{"0":[0],"1":[0],"2":[0],"3":[0],"4":[0,0],"5":[0],"6":[0,0],"7":[0],"8":[0,0],"9":[0],"10":[0,0],"11":[0],"12":[0,0],"13":[0]},"_coverageSchema":"43e27e138ebf9cfc5966b082cf9a028302ed4184","hash":"47764bd73cdbb3d91d46af88de7cda29f96f2657"}
,"/mnt/d/Projects/react-pretty-forms/components/Form.jsx": {"path":"/mnt/d/Projects/react-pretty-forms/components/Form.jsx","statementMap":{"0":{"start":{"line":5,"column":14},"end":{"line":5,"column":30}},"1":{"start":{"line":6,"column":18},"end":{"line":6,"column":39}},"2":{"start":{"line":7,"column":18},"end":{"line":7,"column":41}},"3":{"start":{"line":9,"column":30},"end":{"line":9,"column":101}},"4":{"start":{"line":10,"column":20},"end":{"line":10,"column":59}},"5":{"start":{"line":27,"column":4},"end":{"line":30,"column":7}},"6":{"start":{"line":34,"column":4},"end":{"line":48,"column":5}},"7":{"start":{"line":35,"column":6},"end":{"line":47,"column":7}},"8":{"start":{"line":36,"column":26},"end":{"line":36,"column":57}},"9":{"start":{"line":37,"column":23},"end":{"line":37,"column":53}},"10":{"start":{"line":38,"column":30},"end":{"line":38,"column":32}},"11":{"start":{"line":40,"column":8},"end":{"line":43,"column":11}},"12":{"start":{"line":41,"column":32},"end":{"line":41,"column":37}},"13":{"start":{"line":42,"column":10},"end":{"line":42,"column":38}},"14":{"start":{"line":44,"column":8},"end":{"line":44,"column":29}},"15":{"start":{"line":46,"column":8},"end":{"line":46,"column":18}},"16":{"start":{"line":49,"column":4},"end":{"line":49,"column":14}},"17":{"start":{"line":53,"column":4},"end":{"line":53,"column":17}},"18":{"start":{"line":56,"column":4},"end":{"line":56,"column":55}},"19":{"start":{"line":57,"column":4},"end":{"line":57,"column":59}},"20":{"start":{"line":58,"column":4},"end":{"line":58,"column":57}},"21":{"start":{"line":59,"column":4},"end":{"line":59,"column":55}},"22":{"start":{"line":60,"column":4},"end":{"line":60,"column":59}},"23":{"start":{"line":61,"column":4},"end":{"line":61,"column":53}},"24":{"start":{"line":62,"column":4},"end":{"line":62,"column":55}},"25":{"start":{"line":65,"column":4},"end":{"line":65,"column":41}},"26":{"start":{"line":68,"column":4},"end":{"line":68,"column":48}},"27":{"start":{"line":71,"column":4},"end":{"line":71,"column":24}},"28":{"start":{"line":72,"column":4},"end":{"line":72,"column":25}},"29":{"start":{"line":73,"column":4},"end":{"line":73,"column":62}},"30":{"start":{"line":77,"column":26},"end":{"line":77,"column":28}},"31":{"start":{"line":78,"column":4},"end":{"line":84,"column":5}},"32":{"start":{"line":79,"column":6},"end":{"line":81,"column":9}},"33":{"start":{"line":80,"column":8},"end":{"line":80,"column":80}},"34":{"start":{"line":83,"column":6},"end":{"line":83,"column":32}},"35":{"start":{"line":85,"column":4},"end":{"line":85,"column":25}},"36":{"start":{"line":89,"column":4},"end":{"line":89,"column":36}},"37":{"start":{"line":93,"column":50},"end":{"line":93,"column":55}},"38":{"start":{"line":94,"column":24},"end":{"line":94,"column":86}},"39":{"start":{"line":96,"column":4},"end":{"line":100,"column":5}},"40":{"start":{"line":97,"column":24},"end":{"line":97,"column":55}},"41":{"start":{"line":98,"column":6},"end":{"line":98,"column":52}},"42":{"start":{"line":99,"column":6},"end":{"line":99,"column":38}},"43":{"start":{"line":102,"column":4},"end":{"line":104,"column":5}},"44":{"start":{"line":103,"column":6},"end":{"line":103,"column":70}},"45":{"start":{"line":108,"column":25},"end":{"line":108,"column":35}},"46":{"start":{"line":109,"column":4},"end":{"line":109,"column":62}},"47":{"start":{"line":113,"column":51},"end":{"line":113,"column":61}},"48":{"start":{"line":114,"column":50},"end":{"line":114,"column":55}},"49":{"start":{"line":115,"column":24},"end":{"line":115,"column":86}},"50":{"start":{"line":117,"column":23},"end":{"line":117,"column":25}},"51":{"start":{"line":118,"column":22},"end":{"line":118,"column":53}},"52":{"start":{"line":121,"column":4},"end":{"line":124,"column":5}},"53":{"start":{"line":122,"column":6},"end":{"line":122,"column":90}},"54":{"start":{"line":123,"column":6},"end":{"line":123,"column":49}},"55":{"start":{"line":127,"column":4},"end":{"line":129,"column":5}},"56":{"start":{"line":128,"column":6},"end":{"line":128,"column":52}},"57":{"start":{"line":132,"column":4},"end":{"line":132,"column":31}},"58":{"start":{"line":140,"column":4},"end":{"line":143,"column":5}},"59":{"start":{"line":141,"column":28},"end":{"line":141,"column":38}},"60":{"start":{"line":142,"column":6},"end":{"line":142,"column":39}},"61":{"start":{"line":145,"column":4},"end":{"line":147,"column":5}},"62":{"start":{"line":146,"column":6},"end":{"line":146,"column":97}},"63":{"start":{"line":150,"column":4},"end":{"line":152,"column":5}},"64":{"start":{"line":151,"column":6},"end":{"line":151,"column":48}},"65":{"start":{"line":153,"column":4},"end":{"line":153,"column":56}},"66":{"start":{"line":158,"column":4},"end":{"line":161,"column":13}},"67":{"start":{"line":159,"column":32},"end":{"line":159,"column":55}},"68":{"start":{"line":160,"column":6},"end":{"line":160,"column":38}},"69":{"start":{"line":165,"column":4},"end":{"line":165,"column":23}},"70":{"start":{"line":168,"column":24},"end":{"line":168,"column":46}},"71":{"start":{"line":169,"column":4},"end":{"line":169,"column":29}},"72":{"start":{"line":169,"column":22},"end":{"line":169,"column":29}},"73":{"start":{"line":172,"column":23},"end":{"line":172,"column":44}},"74":{"start":{"line":176,"column":4},"end":{"line":176,"column":52}},"75":{"start":{"line":179,"column":4},"end":{"line":179,"column":35}},"76":{"start":{"line":182,"column":44},"end":{"line":182,"column":54}},"77":{"start":{"line":185,"column":23},"end":{"line":185,"column":33}},"78":{"start":{"line":186,"column":4},"end":{"line":192,"column":9}},"79":{"start":{"line":188,"column":8},"end":{"line":188,"column":49}},"80":{"start":{"line":191,"column":8},"end":{"line":191,"column":47}},"81":{"start":{"line":193,"column":4},"end":{"line":193,"column":47}},"82":{"start":{"line":202,"column":8},"end":{"line":202,"column":18}},"83":{"start":{"line":203,"column":26},"end":{"line":203,"column":36}},"84":{"start":{"line":204,"column":4},"end":{"line":217,"column":6}},"85":{"start":{"line":221,"column":0},"end":{"line":229,"column":2}},"86":{"start":{"line":231,"column":0},"end":{"line":237,"column":2}},"87":{"start":{"line":239,"column":0},"end":{"line":239,"column":22}}},"fnMap":{"0":{"name":"(anonymous_0)","decl":{"start":{"line":26,"column":2},"end":{"line":26,"column":3}},"loc":{"start":{"line":26,"column":43},"end":{"line":31,"column":3}},"line":26},"1":{"name":"(anonymous_1)","decl":{"start":{"line":33,"column":2},"end":{"line":33,"column":3}},"loc":{"start":{"line":33,"column":27},"end":{"line":50,"column":3}},"line":33},"2":{"name":"(anonymous_2)","decl":{"start":{"line":40,"column":35},"end":{"line":40,"column":36}},"loc":{"start":{"line":40,"column":44},"end":{"line":43,"column":9}},"line":40},"3":{"name":"(anonymous_3)","decl":{"start":{"line":52,"column":2},"end":{"line":52,"column":3}},"loc":{"start":{"line":52,"column":21},"end":{"line":74,"column":3}},"line":52},"4":{"name":"(anonymous_4)","decl":{"start":{"line":76,"column":2},"end":{"line":76,"column":3}},"loc":{"start":{"line":76,"column":19},"end":{"line":86,"column":3}},"line":76},"5":{"name":"(anonymous_5)","decl":{"start":{"line":79,"column":30},"end":{"line":79,"column":31}},"loc":{"start":{"line":79,"column":43},"end":{"line":81,"column":7}},"line":79},"6":{"name":"(anonymous_6)","decl":{"start":{"line":88,"column":2},"end":{"line":88,"column":3}},"loc":{"start":{"line":88,"column":52},"end":{"line":90,"column":3}},"line":88},"7":{"name":"(anonymous_7)","decl":{"start":{"line":92,"column":2},"end":{"line":92,"column":3}},"loc":{"start":{"line":92,"column":22},"end":{"line":105,"column":3}},"line":92},"8":{"name":"(anonymous_8)","decl":{"start":{"line":107,"column":2},"end":{"line":107,"column":3}},"loc":{"start":{"line":107,"column":18},"end":{"line":110,"column":3}},"line":107},"9":{"name":"(anonymous_9)","decl":{"start":{"line":112,"column":2},"end":{"line":112,"column":3}},"loc":{"start":{"line":112,"column":25},"end":{"line":154,"column":3}},"line":112},"10":{"name":"(anonymous_10)","decl":{"start":{"line":156,"column":2},"end":{"line":156,"column":3}},"loc":{"start":{"line":156,"column":20},"end":{"line":162,"column":3}},"line":156},"11":{"name":"(anonymous_11)","decl":{"start":{"line":158,"column":48},"end":{"line":158,"column":49}},"loc":{"start":{"line":158,"column":63},"end":{"line":161,"column":5}},"line":158},"12":{"name":"(anonymous_12)","decl":{"start":{"line":164,"column":2},"end":{"line":164,"column":3}},"loc":{"start":{"line":164,"column":19},"end":{"line":194,"column":3}},"line":164},"13":{"name":"(anonymous_13)","decl":{"start":{"line":187,"column":12},"end":{"line":187,"column":13}},"loc":{"start":{"line":187,"column":18},"end":{"line":189,"column":7}},"line":187},"14":{"name":"(anonymous_14)","decl":{"start":{"line":190,"column":13},"end":{"line":190,"column":14}},"loc":{"start":{"line":190,"column":19},"end":{"line":192,"column":7}},"line":190},"15":{"name":"(anonymous_15)","decl":{"start":{"line":196,"column":2},"end":{"line":196,"column":3}},"loc":{"start":{"line":196,"column":11},"end":{"line":218,"column":3}},"line":196}},"branchMap":{"0":{"loc":{"start":{"line":34,"column":4},"end":{"line":48,"column":5}},"type":"if","locations":[{"start":{"line":34,"column":4},"end":{"line":48,"column":5}},{"start":{"line":34,"column":4},"end":{"line":48,"column":5}}],"line":34},"1":{"loc":{"start":{"line":88,"column":16},"end":{"line":88,"column":50}},"type":"default-arg","locations":[{"start":{"line":88,"column":29},"end":{"line":88,"column":50}}],"line":88},"2":{"loc":{"start":{"line":94,"column":24},"end":{"line":94,"column":86}},"type":"binary-expr","locations":[{"start":{"line":94,"column":24},"end":{"line":94,"column":34}},{"start":{"line":94,"column":39},"end":{"line":94,"column":54}},{"start":{"line":94,"column":58},"end":{"line":94,"column":85}}],"line":94},"3":{"loc":{"start":{"line":96,"column":4},"end":{"line":100,"column":5}},"type":"if","locations":[{"start":{"line":96,"column":4},"end":{"line":100,"column":5}},{"start":{"line":96,"column":4},"end":{"line":100,"column":5}}],"line":96},"4":{"loc":{"start":{"line":97,"column":24},"end":{"line":97,"column":55}},"type":"binary-expr","locations":[{"start":{"line":97,"column":24},"end":{"line":97,"column":35}},{"start":{"line":97,"column":39},"end":{"line":97,"column":55}}],"line":97},"5":{"loc":{"start":{"line":102,"column":4},"end":{"line":104,"column":5}},"type":"if","locations":[{"start":{"line":102,"column":4},"end":{"line":104,"column":5}},{"start":{"line":102,"column":4},"end":{"line":104,"column":5}}],"line":102},"6":{"loc":{"start":{"line":115,"column":24},"end":{"line":115,"column":86}},"type":"binary-expr","locations":[{"start":{"line":115,"column":24},"end":{"line":115,"column":34}},{"start":{"line":115,"column":39},"end":{"line":115,"column":54}},{"start":{"line":115,"column":58},"end":{"line":115,"column":85}}],"line":115},"7":{"loc":{"start":{"line":118,"column":22},"end":{"line":118,"column":53}},"type":"binary-expr","locations":[{"start":{"line":118,"column":22},"end":{"line":118,"column":33}},{"start":{"line":118,"column":37},"end":{"line":118,"column":53}}],"line":118},"8":{"loc":{"start":{"line":121,"column":4},"end":{"line":124,"column":5}},"type":"if","locations":[{"start":{"line":121,"column":4},"end":{"line":124,"column":5}},{"start":{"line":121,"column":4},"end":{"line":124,"column":5}}],"line":121},"9":{"loc":{"start":{"line":122,"column":32},"end":{"line":122,"column":89}},"type":"binary-expr","locations":[{"start":{"line":122,"column":32},"end":{"line":122,"column":61}},{"start":{"line":122,"column":65},"end":{"line":122,"column":89}}],"line":122},"10":{"loc":{"start":{"line":127,"column":4},"end":{"line":129,"column":5}},"type":"if","locations":[{"start":{"line":127,"column":4},"end":{"line":129,"column":5}},{"start":{"line":127,"column":4},"end":{"line":129,"column":5}}],"line":127},"11":{"loc":{"start":{"line":140,"column":4},"end":{"line":143,"column":5}},"type":"if","locations":[{"start":{"line":140,"column":4},"end":{"line":143,"column":5}},{"start":{"line":140,"column":4},"end":{"line":143,"column":5}}],"line":140},"12":{"loc":{"start":{"line":145,"column":4},"end":{"line":147,"column":5}},"type":"if","locations":[{"start":{"line":145,"column":4},"end":{"line":147,"column":5}},{"start":{"line":145,"column":4},"end":{"line":147,"column":5}}],"line":145},"13":{"loc":{"start":{"line":150,"column":4},"end":{"line":152,"column":5}},"type":"if","locations":[{"start":{"line":150,"column":4},"end":{"line":152,"column":5}},{"start":{"line":150,"column":4},"end":{"line":152,"column":5}}],"line":150},"14":{"loc":{"start":{"line":160,"column":13},"end":{"line":160,"column":37}},"type":"binary-expr","locations":[{"start":{"line":160,"column":13},"end":{"line":160,"column":16}},{"start":{"line":160,"column":20},"end":{"line":160,"column":37}}],"line":160},"15":{"loc":{"start":{"line":169,"column":4},"end":{"line":169,"column":29}},"type":"if","locations":[{"start":{"line":169,"column":4},"end":{"line":169,"column":29}},{"start":{"line":169,"column":4},"end":{"line":169,"column":29}}],"line":169},"16":{"loc":{"start":{"line":176,"column":24},"end":{"line":176,"column":51}},"type":"binary-expr","locations":[{"start":{"line":176,"column":24},"end":{"line":176,"column":32}},{"start":{"line":176,"column":36},"end":{"line":176,"column":51}}],"line":176},"17":{"loc":{"start":{"line":182,"column":12},"end":{"line":182,"column":39}},"type":"default-arg","locations":[{"start":{"line":182,"column":21},"end":{"line":182,"column":39}}],"line":182},"18":{"loc":{"start":{"line":200,"column":6},"end":{"line":200,"column":52}},"type":"default-arg","locations":[{"start":{"line":200,"column":18},"end":{"line":200,"column":52}}],"line":200},"19":{"loc":{"start":{"line":200,"column":18},"end":{"line":200,"column":52}},"type":"binary-expr","locations":[{"start":{"line":200,"column":18},"end":{"line":200,"column":35}},{"start":{"line":200,"column":39},"end":{"line":200,"column":52}}],"line":200}},"s":{"0":5,"1":5,"2":5,"3":5,"4":5,"5":0,"6":0,"7":0,"8":0,"9":0,"10":0,"11":0,"12":0,"13":0,"14":0,"15":0,"16":0,"17":0,"18":0,"19":0,"20":0,"21":0,"22":0,"23":0,"24":0,"25":0,"26":0,"27":0,"28":0,"29":0,"30":0,"31":0,"32":0,"33":0,"34":0,"35":0,"36":0,"37":0,"38":0,"39":0,"40":0,"41":0,"42":0,"43":0,"44":0,"45":0,"46":0,"47":0,"48":0,"49":0,"50":0,"51":0,"52":0,"53":0,"54":0,"55":0,"56":0,"57":0,"58":0,"59":0,"60":0,"61":0,"62":0,"63":0,"64":0,"65":0,"66":0,"67":0,"68":0,"69":0,"70":0,"71":0,"72":0,"73":0,"74":0,"75":0,"76":0,"77":0,"78":0,"79":0,"80":0,"81":0,"82":0,"83":0,"84":0,"85":5,"86":5,"87":5},"f":{"0":0,"1":0,"2":0,"3":0,"4":0,"5":0,"6":0,"7":0,"8":0,"9":0,"10":0,"11":0,"12":0,"13":0,"14":0,"15":0},"b":{"0":[0,0],"1":[0],"2":[0,0,0],"3":[0,0],"4":[0,0],"5":[0,0],"6":[0,0,0],"7":[0,0],"8":[0,0],"9":[0,0],"10":[0,0],"11":[0,0],"12":[0,0],"13":[0,0],"14":[0,0],"15":[0,0],"16":[0,0],"17":[0],"18":[0],"19":[0,0]},"_coverageSchema":"43e27e138ebf9cfc5966b082cf9a028302ed4184","hash":"d816a6bd39a3081f6e98ddc01b85f80323ca7810"}
,"/mnt/d/Projects/react-pretty-forms/components/FormStatusWrapper.jsx": {"path":"/mnt/d/Projects/react-pretty-forms/components/FormStatusWrapper.jsx","statementMap":{"0":{"start":{"line":1,"column":14},"end":{"line":1,"column":30}},"1":{"start":{"line":2,"column":18},"end":{"line":2,"column":39}},"2":{"start":{"line":4,"column":26},"end":{"line":13,"column":1}},"3":{"start":{"line":5,"column":23},"end":{"line":5,"column":64}},"4":{"start":{"line":5,"column":32},"end":{"line":5,"column":64}},"5":{"start":{"line":6,"column":25},"end":{"line":6,"column":67}},"6":{"start":{"line":8,"column":2},"end":{"line":12,"column":4}},"7":{"start":{"line":15,"column":0},"end":{"line":18,"column":2}},"8":{"start":{"line":20,"column":0},"end":{"line":22,"column":2}},"9":{"start":{"line":24,"column":0},"end":{"line":24,"column":48}},"10":{"start":{"line":26,"column":0},"end":{"line":26,"column":35}}},"fnMap":{"0":{"name":"(anonymous_0)","decl":{"start":{"line":4,"column":26},"end":{"line":4,"column":27}},"loc":{"start":{"line":4,"column":65},"end":{"line":13,"column":1}},"line":4},"1":{"name":"(anonymous_1)","decl":{"start":{"line":5,"column":23},"end":{"line":5,"column":24}},"loc":{"start":{"line":5,"column":32},"end":{"line":5,"column":64}},"line":5}},"branchMap":{},"s":{"0":5,"1":5,"2":5,"3":0,"4":0,"5":0,"6":0,"7":5,"8":5,"9":5,"10":5},"f":{"0":0,"1":0},"b":{},"_coverageSchema":"43e27e138ebf9cfc5966b082cf9a028302ed4184","hash":"ee2324459b3e827a2c98397ca869f5c4bec85881"}
,"/mnt/d/Projects/react-pretty-forms/components/IfActive.jsx": {"path":"/mnt/d/Projects/react-pretty-forms/components/IfActive.jsx","statementMap":{"0":{"start":{"line":3,"column":14},"end":{"line":3,"column":30}},"1":{"start":{"line":4,"column":18},"end":{"line":4,"column":39}},"2":{"start":{"line":6,"column":17},"end":{"line":23,"column":1}},"3":{"start":{"line":14,"column":2},"end":{"line":20,"column":3}},"4":{"start":{"line":15,"column":4},"end":{"line":19,"column":6}},"5":{"start":{"line":22,"column":2},"end":{"line":22,"column":14}},"6":{"start":{"line":25,"column":0},"end":{"line":27,"column":2}},"7":{"start":{"line":29,"column":0},"end":{"line":29,"column":34}},"8":{"start":{"line":31,"column":0},"end":{"line":31,"column":38}}},"fnMap":{"0":{"name":"(anonymous_0)","decl":{"start":{"line":6,"column":17},"end":{"line":6,"column":18}},"loc":{"start":{"line":13,"column":5},"end":{"line":23,"column":1}},"line":13}},"branchMap":{"0":{"loc":{"start":{"line":8,"column":4},"end":{"line":8,"column":15}},"type":"default-arg","locations":[{"start":{"line":8,"column":13},"end":{"line":8,"column":15}}],"line":8},"1":{"loc":{"start":{"line":9,"column":4},"end":{"line":9,"column":54}},"type":"default-arg","locations":[{"start":{"line":9,"column":16},"end":{"line":9,"column":54}}],"line":9},"2":{"loc":{"start":{"line":9,"column":16},"end":{"line":9,"column":54}},"type":"binary-expr","locations":[{"start":{"line":9,"column":16},"end":{"line":9,"column":35}},{"start":{"line":9,"column":39},"end":{"line":9,"column":54}}],"line":9},"3":{"loc":{"start":{"line":14,"column":2},"end":{"line":20,"column":3}},"type":"if","locations":[{"start":{"line":14,"column":2},"end":{"line":20,"column":3}},{"start":{"line":14,"column":2},"end":{"line":20,"column":3}}],"line":14}},"s":{"0":5,"1":5,"2":5,"3":0,"4":0,"5":0,"6":5,"7":5,"8":5},"f":{"0":0},"b":{"0":[0],"1":[0],"2":[0,0],"3":[0,0]},"_coverageSchema":"43e27e138ebf9cfc5966b082cf9a028302ed4184","hash":"df01343b5fe7d1ddb328511ce2c8821669327196"}
,"/mnt/d/Projects/react-pretty-forms/components/IfFailed.jsx": {"path":"/mnt/d/Projects/react-pretty-forms/components/IfFailed.jsx","statementMap":{"0":{"start":{"line":1,"column":14},"end":{"line":1,"column":30}},"1":{"start":{"line":2,"column":32},"end":{"line":2,"column":76}},"2":{"start":{"line":4,"column":0},"end":{"line":4,"column":63}}},"fnMap":{},"branchMap":{},"s":{"0":5,"1":5,"2":5},"f":{},"b":{},"_coverageSchema":"43e27e138ebf9cfc5966b082cf9a028302ed4184","hash":"2ad87b139e98d30222515cf99088fd4f7c6b79ed"}
,"/mnt/d/Projects/react-pretty-forms/components/IfResolved.jsx": {"path":"/mnt/d/Projects/react-pretty-forms/components/IfResolved.jsx","statementMap":{"0":{"start":{"line":1,"column":14},"end":{"line":1,"column":30}},"1":{"start":{"line":2,"column":32},"end":{"line":2,"column":76}},"2":{"start":{"line":4,"column":0},"end":{"line":4,"column":65}}},"fnMap":{},"branchMap":{},"s":{"0":5,"1":5,"2":5},"f":{},"b":{},"_coverageSchema":"43e27e138ebf9cfc5966b082cf9a028302ed4184","hash":"917fe3962ffeeb54590f3bf482ea13c30da2f87b"}
,"/mnt/d/Projects/react-pretty-forms/components/IfSubmitting.jsx": {"path":"/mnt/d/Projects/react-pretty-forms/components/IfSubmitting.jsx","statementMap":{"0":{"start":{"line":1,"column":14},"end":{"line":1,"column":30}},"1":{"start":{"line":2,"column":32},"end":{"line":2,"column":76}},"2":{"start":{"line":4,"column":0},"end":{"line":4,"column":67}}},"fnMap":{},"branchMap":{},"s":{"0":5,"1":5,"2":5},"f":{},"b":{},"_coverageSchema":"43e27e138ebf9cfc5966b082cf9a028302ed4184","hash":"d39fa36db1ac81df175cff435567f27e8cb7798d"}
,"/mnt/d/Projects/react-pretty-forms/components/Label.jsx": {"path":"/mnt/d/Projects/react-pretty-forms/components/Label.jsx","statementMap":{"0":{"start":{"line":4,"column":14},"end":{"line":4,"column":30}},"1":{"start":{"line":12,"column":2},"end":{"line":23,"column":3}},"2":{"start":{"line":13,"column":4},"end":{"line":22,"column":6}},"3":{"start":{"line":24,"column":2},"end":{"line":28,"column":4}},"4":{"start":{"line":31,"column":0},"end":{"line":31,"column":35}}},"fnMap":{"0":{"name":"Label","decl":{"start":{"line":6,"column":9},"end":{"line":6,"column":14}},"loc":{"start":{"line":11,"column":3},"end":{"line":29,"column":1}},"line":11}},"branchMap":{"0":{"loc":{"start":{"line":12,"column":2},"end":{"line":23,"column":3}},"type":"if","locations":[{"start":{"line":12,"column":2},"end":{"line":23,"column":3}},{"start":{"line":12,"column":2},"end":{"line":23,"column":3}}],"line":12}},"s":{"0":6,"1":44,"2":30,"3":14,"4":6},"f":{"0":44},"b":{"0":[30,14]},"_coverageSchema":"43e27e138ebf9cfc5966b082cf9a028302ed4184","hash":"e4d959d5c760ac2d2aa59d335a4dfef18c17eeae"}
,"/mnt/d/Projects/react-pretty-forms/components/Number.jsx": {"path":"/mnt/d/Projects/react-pretty-forms/components/Number.jsx","statementMap":{"0":{"start":{"line":1,"column":14},"end":{"line":1,"column":30}},"1":{"start":{"line":2,"column":18},"end":{"line":2,"column":39}},"2":{"start":{"line":3,"column":14},"end":{"line":3,"column":32}},"3":{"start":{"line":4,"column":14},"end":{"line":4,"column":32}},"4":{"start":{"line":23,"column":8},"end":{"line":23,"column":18}},"5":{"start":{"line":24,"column":52},"end":{"line":24,"column":62}},"6":{"start":{"line":26,"column":4},"end":{"line":60,"column":6}},"7":{"start":{"line":64,"column":0},"end":{"line":85,"column":2}},"8":{"start":{"line":87,"column":0},"end":{"line":91,"column":2}},"9":{"start":{"line":93,"column":0},"end":{"line":93,"column":29}},"10":{"start":{"line":95,"column":0},"end":{"line":95,"column":24}}},"fnMap":{"0":{"name":"(anonymous_0)","decl":{"start":{"line":7,"column":2},"end":{"line":7,"column":3}},"loc":{"start":{"line":7,"column":11},"end":{"line":61,"column":3}},"line":7}},"branchMap":{"0":{"loc":{"start":{"line":10,"column":6},"end":{"line":10,"column":22}},"type":"default-arg","locations":[{"start":{"line":10,"column":17},"end":{"line":10,"column":22}}],"line":10},"1":{"loc":{"start":{"line":12,"column":6},"end":{"line":12,"column":17}},"type":"default-arg","locations":[{"start":{"line":12,"column":15},"end":{"line":12,"column":17}}],"line":12},"2":{"loc":{"start":{"line":13,"column":6},"end":{"line":13,"column":54}},"type":"default-arg","locations":[{"start":{"line":13,"column":18},"end":{"line":13,"column":54}}],"line":13},"3":{"loc":{"start":{"line":13,"column":18},"end":{"line":13,"column":54}},"type":"binary-expr","locations":[{"start":{"line":13,"column":18},"end":{"line":13,"column":36}},{"start":{"line":13,"column":40},"end":{"line":13,"column":54}}],"line":13},"4":{"loc":{"start":{"line":14,"column":6},"end":{"line":14,"column":53}},"type":"default-arg","locations":[{"start":{"line":14,"column":21},"end":{"line":14,"column":53}}],"line":14},"5":{"loc":{"start":{"line":14,"column":21},"end":{"line":14,"column":53}},"type":"binary-expr","locations":[{"start":{"line":14,"column":21},"end":{"line":14,"column":37}},{"start":{"line":14,"column":41},"end":{"line":14,"column":53}}],"line":14},"6":{"loc":{"start":{"line":15,"column":6},"end":{"line":15,"column":74}},"type":"default-arg","locations":[{"start":{"line":15,"column":28},"end":{"line":15,"column":74}}],"line":15},"7":{"loc":{"start":{"line":15,"column":28},"end":{"line":15,"column":74}},"type":"binary-expr","locations":[{"start":{"line":15,"column":28},"end":{"line":15,"column":51}},{"start":{"line":15,"column":55},"end":{"line":15,"column":74}}],"line":15},"8":{"loc":{"start":{"line":16,"column":6},"end":{"line":16,"column":72}},"type":"default-arg","locations":[{"start":{"line":16,"column":27},"end":{"line":16,"column":72}}],"line":16},"9":{"loc":{"start":{"line":16,"column":27},"end":{"line":16,"column":72}},"type":"binary-expr","locations":[{"start":{"line":16,"column":27},"end":{"line":16,"column":49}},{"start":{"line":16,"column":53},"end":{"line":16,"column":72}}],"line":16},"10":{"loc":{"start":{"line":17,"column":6},"end":{"line":17,"column":59}},"type":"default-arg","locations":[{"start":{"line":17,"column":23},"end":{"line":17,"column":59}}],"line":17},"11":{"loc":{"start":{"line":17,"column":23},"end":{"line":17,"column":59}},"type":"binary-expr","locations":[{"start":{"line":17,"column":23},"end":{"line":17,"column":41}},{"start":{"line":17,"column":45},"end":{"line":17,"column":59}}],"line":17},"12":{"loc":{"start":{"line":18,"column":6},"end":{"line":18,"column":19}},"type":"default-arg","locations":[{"start":{"line":18,"column":14},"end":{"line":18,"column":19}}],"line":18}},"s":{"0":5,"1":5,"2":5,"3":5,"4":14,"5":14,"6":14,"7":5,"8":5,"9":5,"10":5},"f":{"0":14},"b":{"0":[0],"1":[14],"2":[8],"3":[8,8],"4":[14],"5":[14,14],"6":[14],"7":[14,14],"8":[14],"9":[14,14],"10":[14],"11":[14,14],"12":[0]},"_coverageSchema":"43e27e138ebf9cfc5966b082cf9a028302ed4184","hash":"d36ecf58795388cf91d21e121b79eb233b180a70"}
,"/mnt/d/Projects/react-pretty-forms/components/Select.jsx": {"path":"/mnt/d/Projects/react-pretty-forms/components/Select.jsx","statementMap":{"0":{"start":{"line":1,"column":14},"end":{"line":1,"column":30}},"1":{"start":{"line":2,"column":18},"end":{"line":2,"column":39}},"2":{"start":{"line":3,"column":14},"end":{"line":3,"column":32}},"3":{"start":{"line":4,"column":14},"end":{"line":4,"column":32}},"4":{"start":{"line":8,"column":4},"end":{"line":8,"column":17}},"5":{"start":{"line":9,"column":4},"end":{"line":9,"column":63}},"6":{"start":{"line":13,"column":20},"end":{"line":13,"column":52}},"7":{"start":{"line":14,"column":4},"end":{"line":14,"column":31}},"8":{"start":{"line":18,"column":20},"end":{"line":18,"column":52}},"9":{"start":{"line":19,"column":20},"end":{"line":19,"column":46}},"10":{"start":{"line":20,"column":4},"end":{"line":20,"column":40}},"11":{"start":{"line":24,"column":25},"end":{"line":24,"column":35}},"12":{"start":{"line":25,"column":4},"end":{"line":25,"column":48}},"13":{"start":{"line":25,"column":18},"end":{"line":25,"column":48}},"14":{"start":{"line":26,"column":4},"end":{"line":26,"column":16}},"15":{"start":{"line":30,"column":4},"end":{"line":39,"column":5}},"16":{"start":{"line":31,"column":22},"end":{"line":31,"column":24}},"17":{"start":{"line":32,"column":6},"end":{"line":35,"column":9}},"18":{"start":{"line":33,"column":26},"end":{"line":33,"column":37}},"19":{"start":{"line":34,"column":8},"end":{"line":34,"column":39}},"20":{"start":{"line":34,"column":19},"end":{"line":34,"column":39}},"21":{"start":{"line":36,"column":6},"end":{"line":36,"column":21}},"22":{"start":{"line":38,"column":6},"end":{"line":38,"column":18}},"23":{"start":{"line":58,"column":8},"end":{"line":58,"column":18}},"24":{"start":{"line":59,"column":52},"end":{"line":59,"column":62}},"25":{"start":{"line":61,"column":26},"end":{"line":63,"column":18}},"26":{"start":{"line":65,"column":4},"end":{"line":98,"column":6}},"27":{"start":{"line":102,"column":0},"end":{"line":114,"column":2}},"28":{"start":{"line":116,"column":0},"end":{"line":120,"column":2}},"29":{"start":{"line":122,"column":0},"end":{"line":122,"column":30}},"30":{"start":{"line":124,"column":0},"end":{"line":124,"column":24}}},"fnMap":{"0":{"name":"(anonymous_0)","decl":{"start":{"line":7,"column":2},"end":{"line":7,"column":3}},"loc":{"start":{"line":7,"column":21},"end":{"line":10,"column":3}},"line":7},"1":{"name":"(anonymous_1)","decl":{"start":{"line":12,"column":2},"end":{"line":12,"column":3}},"loc":{"start":{"line":12,"column":22},"end":{"line":15,"column":3}},"line":12},"2":{"name":"(anonymous_2)","decl":{"start":{"line":17,"column":2},"end":{"line":17,"column":3}},"loc":{"start":{"line":17,"column":16},"end":{"line":21,"column":3}},"line":17},"3":{"name":"(anonymous_3)","decl":{"start":{"line":23,"column":2},"end":{"line":23,"column":3}},"loc":{"start":{"line":23,"column":26},"end":{"line":27,"column":3}},"line":23},"4":{"name":"(anonymous_4)","decl":{"start":{"line":29,"column":2},"end":{"line":29,"column":3}},"loc":{"start":{"line":29,"column":35},"end":{"line":40,"column":3}},"line":29},"5":{"name":"(anonymous_5)","decl":{"start":{"line":32,"column":23},"end":{"line":32,"column":24}},"loc":{"start":{"line":32,"column":32},"end":{"line":35,"column":7}},"line":32},"6":{"name":"(anonymous_6)","decl":{"start":{"line":42,"column":2},"end":{"line":42,"column":3}},"loc":{"start":{"line":42,"column":11},"end":{"line":99,"column":3}},"line":42}},"branchMap":{"0":{"loc":{"start":{"line":25,"column":4},"end":{"line":25,"column":48}},"type":"if","locations":[{"start":{"line":25,"column":4},"end":{"line":25,"column":48}},{"start":{"line":25,"column":4},"end":{"line":25,"column":48}}],"line":25},"1":{"loc":{"start":{"line":34,"column":8},"end":{"line":34,"column":39}},"type":"if","locations":[{"start":{"line":34,"column":8},"end":{"line":34,"column":39}},{"start":{"line":34,"column":8},"end":{"line":34,"column":39}}],"line":34},"2":{"loc":{"start":{"line":45,"column":6},"end":{"line":45,"column":17}},"type":"default-arg","locations":[{"start":{"line":45,"column":15},"end":{"line":45,"column":17}}],"line":45},"3":{"loc":{"start":{"line":51,"column":6},"end":{"line":51,"column":62}},"type":"default-arg","locations":[{"start":{"line":51,"column":18},"end":{"line":51,"column":62}}],"line":51},"4":{"loc":{"start":{"line":51,"column":18},"end":{"line":51,"column":62}},"type":"binary-expr","locations":[{"start":{"line":51,"column":18},"end":{"line":51,"column":37}},{"start":{"line":51,"column":41},"end":{"line":51,"column":62}}],"line":51},"5":{"loc":{"start":{"line":52,"column":6},"end":{"line":52,"column":53}},"type":"default-arg","locations":[{"start":{"line":52,"column":21},"end":{"line":52,"column":53}}],"line":52},"6":{"loc":{"start":{"line":52,"column":21},"end":{"line":52,"column":53}},"type":"binary-expr","locations":[{"start":{"line":52,"column":21},"end":{"line":52,"column":37}},{"start":{"line":52,"column":41},"end":{"line":52,"column":53}}],"line":52},"7":{"loc":{"start":{"line":53,"column":6},"end":{"line":53,"column":74}},"type":"default-arg","locations":[{"start":{"line":53,"column":28},"end":{"line":53,"column":74}}],"line":53},"8":{"loc":{"start":{"line":53,"column":28},"end":{"line":53,"column":74}},"type":"binary-expr","locations":[{"start":{"line":53,"column":28},"end":{"line":53,"column":51}},{"start":{"line":53,"column":55},"end":{"line":53,"column":74}}],"line":53},"9":{"loc":{"start":{"line":54,"column":6},"end":{"line":54,"column":72}},"type":"default-arg","locations":[{"start":{"line":54,"column":27},"end":{"line":54,"column":72}}],"line":54},"10":{"loc":{"start":{"line":54,"column":27},"end":{"line":54,"column":72}},"type":"binary-expr","locations":[{"start":{"line":54,"column":27},"end":{"line":54,"column":49}},{"start":{"line":54,"column":53},"end":{"line":54,"column":72}}],"line":54},"11":{"loc":{"start":{"line":55,"column":6},"end":{"line":55,"column":59}},"type":"default-arg","locations":[{"start":{"line":55,"column":23},"end":{"line":55,"column":59}}],"line":55},"12":{"loc":{"start":{"line":55,"column":23},"end":{"line":55,"column":59}},"type":"binary-expr","locations":[{"start":{"line":55,"column":23},"end":{"line":55,"column":41}},{"start":{"line":55,"column":45},"end":{"line":55,"column":59}}],"line":55},"13":{"loc":{"start":{"line":57,"column":6},"end":{"line":57,"column":33}},"type":"default-arg","locations":[{"start":{"line":57,"column":21},"end":{"line":57,"column":33}}],"line":57},"14":{"loc":{"start":{"line":61,"column":26},"end":{"line":63,"column":18}},"type":"cond-expr","locations":[{"start":{"line":62,"column":6},"end":{"line":62,"column":18}},{"start":{"line":63,"column":6},"end":{"line":63,"column":18}}],"line":61},"15":{"loc":{"start":{"line":61,"column":26},"end":{"line":61,"column":87}},"type":"binary-expr","locations":[{"start":{"line":61,"column":26},"end":{"line":61,"column":43}},{"start":{"line":61,"column":47},"end":{"line":61,"column":87}}],"line":61}},"s":{"0":5,"1":5,"2":5,"3":5,"4":8,"5":8,"6":8,"7":8,"8":0,"9":0,"10":0,"11":0,"12":0,"13":0,"14":0,"15":8,"16":8,"17":8,"18":9,"19":9,"20":6,"21":3,"22":5,"23":8,"24":8,"25":8,"26":8,"27":5,"28":5,"29":5,"30":5},"f":{"0":8,"1":8,"2":0,"3":0,"4":8,"5":9,"6":8},"b":{"0":[0,0],"1":[6,3],"2":[8],"3":[4],"4":[4,4],"5":[8],"6":[8,8],"7":[8],"8":[8,8],"9":[8],"10":[8,8],"11":[8],"12":[8,8],"13":[8],"14":[0,8],"15":[8,3]},"_coverageSchema":"43e27e138ebf9cfc5966b082cf9a028302ed4184","hash":"442c3d4cf25bb91718247d4541fa6509ff885e20"}
,"/mnt/d/Projects/react-pretty-forms/components/helpers/capitalize.js": {"path":"/mnt/d/Projects/react-pretty-forms/components/helpers/capitalize.js","statementMap":{"0":{"start":{"line":2,"column":4},"end":{"line":2,"column":54}},"1":{"start":{"line":5,"column":0},"end":{"line":5,"column":28}}},"fnMap":{"0":{"name":"capitalize","decl":{"start":{"line":1,"column":9},"end":{"line":1,"column":19}},"loc":{"start":{"line":1,"column":25},"end":{"line":3,"column":1}},"line":1}},"branchMap":{},"s":{"0":30,"1":5},"f":{"0":30},"b":{},"_coverageSchema":"43e27e138ebf9cfc5966b082cf9a028302ed4184","hash":"28a5018a326560439af624eeb59caa2231af9852"}
,"/mnt/d/Projects/react-pretty-forms/components/helpers/createFormStatusWrapper.js": {"path":"/mnt/d/Projects/react-pretty-forms/components/helpers/createFormStatusWrapper.js","statementMap":{"0":{"start":{"line":2,"column":14},"end":{"line":2,"column":30}},"1":{"start":{"line":3,"column":19},"end":{"line":3,"column":42}},"2":{"start":{"line":6,"column":28},"end":{"line":17,"column":3}},"3":{"start":{"line":7,"column":47},"end":{"line":7,"column":52}},"4":{"start":{"line":8,"column":4},"end":{"line":14,"column":5}},"5":{"start":{"line":9,"column":6},"end":{"line":13,"column":8}},"6":{"start":{"line":16,"column":4},"end":{"line":16,"column":16}},"7":{"start":{"line":19,"column":2},"end":{"line":19,"column":60}},"8":{"start":{"line":20,"column":2},"end":{"line":20,"column":60}},"9":{"start":{"line":22,"column":2},"end":{"line":22,"column":27}},"10":{"start":{"line":25,"column":0},"end":{"line":25,"column":41}}},"fnMap":{"0":{"name":"createFormStatusWrapper","decl":{"start":{"line":5,"column":9},"end":{"line":5,"column":32}},"loc":{"start":{"line":5,"column":41},"end":{"line":23,"column":1}},"line":5},"1":{"name":"(anonymous_1)","decl":{"start":{"line":6,"column":28},"end":{"line":6,"column":29}},"loc":{"start":{"line":6,"column":37},"end":{"line":17,"column":3}},"line":6}},"branchMap":{"0":{"loc":{"start":{"line":8,"column":4},"end":{"line":14,"column":5}},"type":"if","locations":[{"start":{"line":8,"column":4},"end":{"line":14,"column":5}},{"start":{"line":8,"column":4},"end":{"line":14,"column":5}}],"line":8}},"s":{"0":5,"1":5,"2":15,"3":0,"4":0,"5":0,"6":0,"7":15,"8":15,"9":15,"10":5},"f":{"0":15,"1":0},"b":{"0":[0,0]},"_coverageSchema":"43e27e138ebf9cfc5966b082cf9a028302ed4184","hash":"056a8c282599f3265318a5d816eb0104a605ef3c"}
,"/mnt/d/Projects/react-pretty-forms/components/helpers/styles.js": {"path":"/mnt/d/Projects/react-pretty-forms/components/helpers/styles.js","statementMap":{"0":{"start":{"line":1,"column":15},"end":{"line":6,"column":1}},"1":{"start":{"line":8,"column":0},"end":{"line":8,"column":28}}},"fnMap":{},"branchMap":{},"s":{"0":5,"1":5},"f":{},"b":{},"_coverageSchema":"43e27e138ebf9cfc5966b082cf9a028302ed4184","hash":"d99e49de552b9de8d9dc430c32b444c26614e064"}
,"/mnt/d/Projects/react-pretty-forms/components/helpers/validation.js": {"path":"/mnt/d/Projects/react-pretty-forms/components/helpers/validation.js","statementMap":{"0":{"start":{"line":6,"column":2},"end":{"line":6,"column":34}},"1":{"start":{"line":10,"column":2},"end":{"line":10,"column":35}},"2":{"start":{"line":20,"column":2},"end":{"line":26,"column":3}},"3":{"start":{"line":22,"column":6},"end":{"line":22,"column":33}},"4":{"start":{"line":24,"column":6},"end":{"line":24,"column":47}},"5":{"start":{"line":24,"column":20},"end":{"line":24,"column":47}},"6":{"start":{"line":25,"column":6},"end":{"line":25,"column":18}},"7":{"start":{"line":30,"column":24},"end":{"line":30,"column":60}},"8":{"start":{"line":31,"column":24},"end":{"line":31,"column":60}},"9":{"start":{"line":32,"column":24},"end":{"line":32,"column":48}},"10":{"start":{"line":33,"column":2},"end":{"line":41,"column":3}},"11":{"start":{"line":35,"column":6},"end":{"line":35,"column":27}},"12":{"start":{"line":37,"column":6},"end":{"line":37,"column":41}},"13":{"start":{"line":37,"column":20},"end":{"line":37,"column":41}},"14":{"start":{"line":38,"column":6},"end":{"line":38,"column":12}},"15":{"start":{"line":40,"column":6},"end":{"line":40,"column":41}},"16":{"start":{"line":40,"column":20},"end":{"line":40,"column":41}},"17":{"start":{"line":42,"column":2},"end":{"line":42,"column":12}}},"fnMap":{"0":{"name":"isValidEmail","decl":{"start":{"line":5,"column":16},"end":{"line":5,"column":28}},"loc":{"start":{"line":5,"column":36},"end":{"line":7,"column":1}},"line":5},"1":{"name":"isValidEntry","decl":{"start":{"line":9,"column":16},"end":{"line":9,"column":28}},"loc":{"start":{"line":9,"column":36},"end":{"line":11,"column":1}},"line":9},"2":{"name":"defaultValidator","decl":{"start":{"line":19,"column":16},"end":{"line":19,"column":32}},"loc":{"start":{"line":19,"column":64},"end":{"line":27,"column":1}},"line":19},"3":{"name":"selectDefaultValidityMessage","decl":{"start":{"line":29,"column":16},"end":{"line":29,"column":44}},"loc":{"start":{"line":29,"column":61},"end":{"line":43,"column":1}},"line":29}},"branchMap":{"0":{"loc":{"start":{"line":19,"column":46},"end":{"line":19,"column":62}},"type":"default-arg","locations":[{"start":{"line":19,"column":57},"end":{"line":19,"column":62}}],"line":19},"1":{"loc":{"start":{"line":20,"column":2},"end":{"line":26,"column":3}},"type":"switch","locations":[{"start":{"line":21,"column":4},"end":{"line":22,"column":33}},{"start":{"line":23,"column":4},"end":{"line":25,"column":18}}],"line":20},"2":{"loc":{"start":{"line":24,"column":6},"end":{"line":24,"column":47}},"type":"if","locations":[{"start":{"line":24,"column":6},"end":{"line":24,"column":47}},{"start":{"line":24,"column":6},"end":{"line":24,"column":47}}],"line":24},"3":{"loc":{"start":{"line":33,"column":2},"end":{"line":41,"column":3}},"type":"switch","locations":[{"start":{"line":34,"column":4},"end":{"line":35,"column":27}},{"start":{"line":36,"column":4},"end":{"line":38,"column":12}},{"start":{"line":39,"column":4},"end":{"line":40,"column":41}}],"line":33},"4":{"loc":{"start":{"line":37,"column":6},"end":{"line":37,"column":41}},"type":"if","locations":[{"start":{"line":37,"column":6},"end":{"line":37,"column":41}},{"start":{"line":37,"column":6},"end":{"line":37,"column":41}}],"line":37},"5":{"loc":{"start":{"line":40,"column":6},"end":{"line":40,"column":41}},"type":"if","locations":[{"start":{"line":40,"column":6},"end":{"line":40,"column":41}},{"start":{"line":40,"column":6},"end":{"line":40,"column":41}}],"line":40}},"s":{"0":0,"1":0,"2":0,"3":0,"4":0,"5":0,"6":0,"7":13,"8":13,"9":13,"10":13,"11":2,"12":3,"13":0,"14":3,"15":8,"16":3,"17":8},"f":{"0":0,"1":0,"2":0,"3":13},"b":{"0":[0],"1":[0,0],"2":[0,0],"3":[2,3,8],"4":[0,3],"5":[3,5]},"_coverageSchema":"43e27e138ebf9cfc5966b082cf9a028302ed4184","hash":"e0e8670937d8fb18dc0a6dd61d853b350497ab7b"}
}
