TN:
SF:/mnt/d/Projects/react-pretty-forms/index.js
FNF:0
FNH:0
DA:1,5
DA:2,5
DA:3,5
DA:4,5
DA:5,5
DA:6,5
DA:7,5
DA:8,5
DA:9,5
DA:10,5
DA:11,5
DA:12,5
DA:14,5
LF:13
LH:13
BRF:0
BRH:0
end_of_record
TN:
SF:/mnt/d/Projects/react-pretty-forms/components/Button.jsx
FN:5,Button
FNF:1
FNH:1
FNDA:5,Button
DA:2,5
DA:3,5
DA:14,5
DA:16,5
DA:28,5
DA:37,5
DA:44,5
DA:46,5
LF:8
LH:8
BRDA:12,0,0,3
BRDA:12,1,0,3
BRDA:12,1,1,3
BRF:3
BRH:3
end_of_record
TN:
SF:/mnt/d/Projects/react-pretty-forms/components/Checkbox.jsx
FN:7,(anonymous_0)
FN:13,(anonymous_1)
FN:19,(anonymous_2)
FN:24,(anonymous_3)
FNF:4
FNH:2
FNDA:0,(anonymous_0)
FNDA:0,(anonymous_1)
FNDA:4,(anonymous_2)
FNDA:8,(anonymous_3)
DA:1,5
DA:2,5
DA:3,5
DA:4,5
DA:8,0
DA:9,0
DA:10,0
DA:14,0
DA:15,0
DA:16,0
DA:20,4
DA:21,4
DA:37,8
DA:39,8
DA:41,8
DA:74,5
DA:87,5
DA:92,5
DA:94,5
LF:19
LH:13
BRDA:9,0,0,0
BRDA:9,0,1,0
BRDA:15,1,0,0
BRDA:15,1,1,0
BRDA:27,2,0,8
BRDA:28,3,0,4
BRDA:28,4,0,4
BRDA:28,4,1,4
BRDA:29,5,0,8
BRDA:29,6,0,8
BRDA:29,6,1,8
BRDA:30,7,0,8
BRDA:30,8,0,8
BRDA:30,8,1,8
BRDA:31,9,0,8
BRDA:31,10,0,8
BRDA:31,10,1,8
BRDA:32,11,0,8
BRDA:32,12,0,8
BRDA:32,12,1,8
BRDA:33,13,0,8
BRF:21
BRH:17
end_of_record
TN:
SF:/mnt/d/Projects/react-pretty-forms/components/Field.jsx
FN:13,(anonymous_0)
FN:34,(anonymous_1)
FN:39,(anonymous_2)
FN:43,(anonymous_3)
FN:51,(anonymous_4)
FN:56,(anonymous_5)
FN:65,(anonymous_6)
FN:71,(anonymous_7)
FN:75,(anonymous_8)
FN:79,(anonymous_9)
FN:85,(anonymous_10)
FN:93,(anonymous_11)
FNF:12
FNH:5
FNDA:25,(anonymous_0)
FNDA:17,(anonymous_1)
FNDA:8,(anonymous_2)
FNDA:25,(anonymous_3)
FNDA:0,(anonymous_4)
FNDA:0,(anonymous_5)
FNDA:0,(anonymous_6)
FNDA:0,(anonymous_7)
FNDA:0,(anonymous_8)
FNDA:0,(anonymous_9)
FNDA:0,(anonymous_10)
FNDA:11,(anonymous_11)
DA:5,5
DA:6,5
DA:7,5
DA:8,5
DA:10,5
DA:14,25
DA:15,25
DA:16,25
DA:17,25
DA:18,25
DA:19,25
DA:20,25
DA:21,25
DA:22,25
DA:23,25
DA:24,25
DA:25,25
DA:27,25
DA:35,17
DA:36,17
DA:40,8
DA:44,25
DA:45,25
DA:46,25
DA:48,13
DA:52,0
DA:53,0
DA:57,0
DA:58,0
DA:59,0
DA:60,0
DA:62,0
DA:66,0
DA:67,0
DA:68,0
DA:72,0
DA:76,0
DA:80,0
DA:81,0
DA:82,0
DA:87,0
DA:88,0
DA:90,0
DA:108,11
DA:109,11
DA:111,11
DA:148,5
DA:172,5
DA:178,5
DA:180,5
LF:50
LH:32
BRDA:24,0,0,25
BRDA:24,0,1,0
BRDA:45,1,0,0
BRDA:45,1,1,25
BRDA:46,2,0,12
BRDA:46,2,1,13
BRDA:59,3,0,0
BRDA:59,3,1,0
BRDA:88,4,0,0
BRDA:88,4,1,0
BRDA:88,5,0,0
BRDA:88,5,1,0
BRDA:97,6,0,0
BRDA:99,7,0,11
BRDA:100,8,0,8
BRDA:100,9,0,8
BRDA:100,9,1,8
BRDA:101,10,0,11
BRDA:101,11,0,11
BRDA:101,11,1,11
BRDA:102,12,0,11
BRDA:102,13,0,11
BRDA:102,13,1,11
BRDA:103,14,0,11
BRDA:103,15,0,11
BRDA:103,15,1,11
BRDA:104,16,0,11
BRDA:104,17,0,11
BRDA:104,17,1,11
BRDA:105,18,0,0
BRDA:114,19,0,0
BRDA:114,19,1,11
BRF:32
BRH:21
end_of_record
TN:
SF:/mnt/d/Projects/react-pretty-forms/components/File.jsx
FN:7,(anonymous_0)
FN:11,(anonymous_1)
FNF:2
FNH:0
FNDA:0,(anonymous_0)
FNDA:0,(anonymous_1)
DA:1,5
DA:2,5
DA:3,5
DA:4,5
DA:8,0
DA:25,0
DA:26,0
DA:28,0
DA:64,5
DA:75,5
DA:79,5
DA:81,5
LF:12
LH:8
BRDA:16,0,0,0
BRDA:17,1,0,0
BRDA:18,2,0,0
BRDA:19,3,0,0
BRDA:19,4,0,0
BRDA:19,4,1,0
BRDA:20,5,0,0
BRDA:20,6,0,0
BRDA:20,6,1,0
BRDA:21,7,0,0
BRDA:21,8,0,0
BRDA:21,8,1,0
BRDA:22,9,0,0
BRDA:22,10,0,0
BRDA:22,10,1,0
BRDA:23,11,0,0
BRDA:23,12,0,0
BRDA:23,12,1,0
BRDA:24,13,0,0
BRF:19
BRH:0
end_of_record
TN:
SF:/mnt/d/Projects/react-pretty-forms/components/Form.jsx
FN:26,(anonymous_0)
FN:33,(anonymous_1)
FN:40,(anonymous_2)
FN:52,(anonymous_3)
FN:76,(anonymous_4)
FN:79,(anonymous_5)
FN:88,(anonymous_6)
FN:92,(anonymous_7)
FN:107,(anonymous_8)
FN:112,(anonymous_9)
FN:156,(anonymous_10)
FN:158,(anonymous_11)
FN:164,(anonymous_12)
FN:187,(anonymous_13)
FN:190,(anonymous_14)
FN:196,(anonymous_15)
FNF:16
FNH:0
FNDA:0,(anonymous_0)
FNDA:0,(anonymous_1)
FNDA:0,(anonymous_2)
FNDA:0,(anonymous_3)
FNDA:0,(anonymous_4)
FNDA:0,(anonymous_5)
FNDA:0,(anonymous_6)
FNDA:0,(anonymous_7)
FNDA:0,(anonymous_8)
FNDA:0,(anonymous_9)
FNDA:0,(anonymous_10)
FNDA:0,(anonymous_11)
FNDA:0,(anonymous_12)
FNDA:0,(anonymous_13)
FNDA:0,(anonymous_14)
FNDA:0,(anonymous_15)
DA:5,5
DA:6,5
DA:7,5
DA:9,5
DA:10,5
DA:27,0
DA:34,0
DA:35,0
DA:36,0
DA:37,0
DA:38,0
DA:40,0
DA:41,0
DA:42,0
DA:44,0
DA:46,0
DA:49,0
DA:53,0
DA:56,0
DA:57,0
DA:58,0
DA:59,0
DA:60,0
DA:61,0
DA:62,0
DA:65,0
DA:68,0
DA:71,0
DA:72,0
DA:73,0
DA:77,0
DA:78,0
DA:79,0
DA:80,0
DA:83,0
DA:85,0
DA:89,0
DA:93,0
DA:94,0
DA:96,0
DA:97,0
DA:98,0
DA:99,0
DA:102,0
DA:103,0
DA:108,0
DA:109,0
DA:113,0
DA:114,0
DA:115,0
DA:117,0
DA:118,0
DA:121,0
DA:122,0
DA:123,0
DA:127,0
DA:128,0
DA:132,0
DA:140,0
DA:141,0
DA:142,0
DA:145,0
DA:146,0
DA:150,0
DA:151,0
DA:153,0
DA:158,0
DA:159,0
DA:160,0
DA:165,0
DA:168,0
DA:169,0
DA:172,0
DA:176,0
DA:179,0
DA:182,0
DA:185,0
DA:186,0
DA:188,0
DA:191,0
DA:193,0
DA:202,0
DA:203,0
DA:204,0
DA:221,5
DA:231,5
DA:239,5
LF:87
LH:8
BRDA:34,0,0,0
BRDA:34,0,1,0
BRDA:88,1,0,0
BRDA:94,2,0,0
BRDA:94,2,1,0
BRDA:94,2,2,0
BRDA:96,3,0,0
BRDA:96,3,1,0
BRDA:97,4,0,0
BRDA:97,4,1,0
BRDA:102,5,0,0
BRDA:102,5,1,0
BRDA:115,6,0,0
BRDA:115,6,1,0
BRDA:115,6,2,0
BRDA:118,7,0,0
BRDA:118,7,1,0
BRDA:121,8,0,0
BRDA:121,8,1,0
BRDA:122,9,0,0
BRDA:122,9,1,0
BRDA:127,10,0,0
BRDA:127,10,1,0
BRDA:140,11,0,0
BRDA:140,11,1,0
BRDA:145,12,0,0
BRDA:145,12,1,0
BRDA:150,13,0,0
BRDA:150,13,1,0
BRDA:160,14,0,0
BRDA:160,14,1,0
BRDA:169,15,0,0
BRDA:169,15,1,0
BRDA:176,16,0,0
BRDA:176,16,1,0
BRDA:182,17,0,0
BRDA:200,18,0,0
BRDA:200,19,0,0
BRDA:200,19,1,0
BRF:39
BRH:0
end_of_record
TN:
SF:/mnt/d/Projects/react-pretty-forms/components/FormStatusWrapper.jsx
FN:4,(anonymous_0)
FN:5,(anonymous_1)
FNF:2
FNH:0
FNDA:0,(anonymous_0)
FNDA:0,(anonymous_1)
DA:1,5
DA:2,5
DA:4,5
DA:5,0
DA:6,0
DA:8,0
DA:15,5
DA:20,5
DA:24,5
DA:26,5
LF:10
LH:7
BRF:0
BRH:0
end_of_record
TN:
SF:/mnt/d/Projects/react-pretty-forms/components/IfActive.jsx
FN:6,(anonymous_0)
FNF:1
FNH:0
FNDA:0,(anonymous_0)
DA:3,5
DA:4,5
DA:6,5
DA:14,0
DA:15,0
DA:22,0
DA:25,5
DA:29,5
DA:31,5
LF:9
LH:6
BRDA:8,0,0,0
BRDA:9,1,0,0
BRDA:9,2,0,0
BRDA:9,2,1,0
BRDA:14,3,0,0
BRDA:14,3,1,0
BRF:6
BRH:0
end_of_record
TN:
SF:/mnt/d/Projects/react-pretty-forms/components/IfFailed.jsx
FNF:0
FNH:0
DA:1,5
DA:2,5
DA:4,5
LF:3
LH:3
BRF:0
BRH:0
end_of_record
TN:
SF:/mnt/d/Projects/react-pretty-forms/components/IfResolved.jsx
FNF:0
FNH:0
DA:1,5
DA:2,5
DA:4,5
LF:3
LH:3
BRF:0
BRH:0
end_of_record
TN:
SF:/mnt/d/Projects/react-pretty-forms/components/IfSubmitting.jsx
FNF:0
FNH:0
DA:1,5
DA:2,5
DA:4,5
LF:3
LH:3
BRF:0
BRH:0
end_of_record
TN:
SF:/mnt/d/Projects/react-pretty-forms/components/Label.jsx
FN:6,Label
FNF:1
FNH:1
FNDA:44,Label
DA:4,6
DA:12,44
DA:13,30
DA:24,14
DA:31,6
LF:5
LH:5
BRDA:12,0,0,30
BRDA:12,0,1,14
BRF:2
BRH:2
end_of_record
TN:
SF:/mnt/d/Projects/react-pretty-forms/components/Number.jsx
FN:7,(anonymous_0)
FNF:1
FNH:1
FNDA:14,(anonymous_0)
DA:1,5
DA:2,5
DA:3,5
DA:4,5
DA:23,14
DA:24,14
DA:26,14
DA:64,5
DA:87,5
DA:93,5
DA:95,5
LF:11
LH:11
BRDA:10,0,0,0
BRDA:12,1,0,14
BRDA:13,2,0,8
BRDA:13,3,0,8
BRDA:13,3,1,8
BRDA:14,4,0,14
BRDA:14,5,0,14
BRDA:14,5,1,14
BRDA:15,6,0,14
BRDA:15,7,0,14
BRDA:15,7,1,14
BRDA:16,8,0,14
BRDA:16,9,0,14
BRDA:16,9,1,14
BRDA:17,10,0,14
BRDA:17,11,0,14
BRDA:17,11,1,14
BRDA:18,12,0,0
BRF:18
BRH:16
end_of_record
TN:
SF:/mnt/d/Projects/react-pretty-forms/components/Select.jsx
FN:7,(anonymous_0)
FN:12,(anonymous_1)
FN:17,(anonymous_2)
FN:23,(anonymous_3)
FN:29,(anonymous_4)
FN:32,(anonymous_5)
FN:42,(anonymous_6)
FNF:7
FNH:5
FNDA:8,(anonymous_0)
FNDA:8,(anonymous_1)
FNDA:0,(anonymous_2)
FNDA:0,(anonymous_3)
FNDA:8,(anonymous_4)
FNDA:9,(anonymous_5)
FNDA:8,(anonymous_6)
DA:1,5
DA:2,5
DA:3,5
DA:4,5
DA:8,8
DA:9,8
DA:13,8
DA:14,8
DA:18,0
DA:19,0
DA:20,0
DA:24,0
DA:25,0
DA:26,0
DA:30,8
DA:31,8
DA:32,8
DA:33,9
DA:34,9
DA:36,3
DA:38,5
DA:58,8
DA:59,8
DA:61,8
DA:65,8
DA:102,5
DA:116,5
DA:122,5
DA:124,5
LF:29
LH:23
BRDA:25,0,0,0
BRDA:25,0,1,0
BRDA:34,1,0,6
BRDA:34,1,1,3
BRDA:45,2,0,8
BRDA:51,3,0,4
BRDA:51,4,0,4
BRDA:51,4,1,4
BRDA:52,5,0,8
BRDA:52,6,0,8
BRDA:52,6,1,8
BRDA:53,7,0,8
BRDA:53,8,0,8
BRDA:53,8,1,8
BRDA:54,9,0,8
BRDA:54,10,0,8
BRDA:54,10,1,8
BRDA:55,11,0,8
BRDA:55,12,0,8
BRDA:55,12,1,8
BRDA:57,13,0,8
BRDA:61,14,0,0
BRDA:61,14,1,8
BRDA:61,15,0,8
BRDA:61,15,1,3
BRF:25
BRH:22
end_of_record
TN:
SF:/mnt/d/Projects/react-pretty-forms/components/helpers/capitalize.js
FN:1,capitalize
FNF:1
FNH:1
FNDA:30,capitalize
DA:2,30
DA:5,5
LF:2
LH:2
BRF:0
BRH:0
end_of_record
TN:
SF:/mnt/d/Projects/react-pretty-forms/components/helpers/createFormStatusWrapper.js
FN:5,createFormStatusWrapper
FN:6,(anonymous_1)
FNF:2
FNH:1
FNDA:15,createFormStatusWrapper
FNDA:0,(anonymous_1)
DA:2,5
DA:3,5
DA:6,15
DA:7,0
DA:8,0
DA:9,0
DA:16,0
DA:19,15
DA:20,15
DA:22,15
DA:25,5
LF:11
LH:7
BRDA:8,0,0,0
BRDA:8,0,1,0
BRF:2
BRH:0
end_of_record
TN:
SF:/mnt/d/Projects/react-pretty-forms/components/helpers/styles.js
FNF:0
FNH:0
DA:1,5
DA:8,5
LF:2
LH:2
BRF:0
BRH:0
end_of_record
TN:
SF:/mnt/d/Projects/react-pretty-forms/components/helpers/validation.js
FN:5,isValidEmail
FN:9,isValidEntry
FN:19,defaultValidator
FN:29,selectDefaultValidityMessage
FNF:4
FNH:1
FNDA:0,isValidEmail
FNDA:0,isValidEntry
FNDA:0,defaultValidator
FNDA:13,selectDefaultValidityMessage
DA:6,0
DA:10,0
DA:20,0
DA:22,0
DA:24,0
DA:25,0
DA:30,13
DA:31,13
DA:32,13
DA:33,13
DA:35,2
DA:37,3
DA:38,3
DA:40,8
DA:42,8
LF:15
LH:9
BRDA:19,0,0,0
BRDA:20,1,0,0
BRDA:20,1,1,0
BRDA:24,2,0,0
BRDA:24,2,1,0
BRDA:33,3,0,2
BRDA:33,3,1,3
BRDA:33,3,2,8
BRDA:37,4,0,0
BRDA:37,4,1,3
BRDA:40,5,0,3
BRDA:40,5,1,5
BRF:12
BRH:6
end_of_record
